[{'participante': 'Le Correntinos', 'votos': 1}, {'participante': 'EL chaqueño', 'votos': 1}, {'participante': 'informatorio', 'votos': 1}, {'participante': 'Los piratas', 'votos': 1}]
<QuerySet [<Categoria: madera>, <Categoria: arena>, <Categoria: marmol>, <Categoria: metal>, <Categoria: artesani>, <Categoria: pintura>]>
hola
[{'participante': 'EL chaqueño', 'votos': 1}]
<QuerySet [<Categoria: madera>, <Categoria: arena>, <Categoria: marmol>, <Categoria: metal>, <Categoria: artesani>, <Categoria: pintura>]>
[{'participante': 'Le Correntinos', 'votos': 1}, {'participante': 'EL chaqueño', 'votos': 1}, {'participante': 'informatorio', 'votos': 1}, {'participante': 'Los piratas', 'votos': 1}]
<QuerySet [<Categoria: madera>, <Categoria: arena>, <Categoria: marmol>, <Categoria: metal>, <Categoria: artesani>, <Categoria: pintura>]>
[]
<QuerySet [<Categoria: madera>, <Categoria: arena>, <Categoria: marmol>, <Categoria: metal>, <Categoria: artesani>, <Categoria: pintura>]>
[{'participante': 'Los piratas', 'votos': 1}]
<QuerySet [<Categoria: madera>, <Categoria: arena>, <Categoria: marmol>, <Categoria: metal>, <Categoria: artesani>, <Categoria: pintura>]>
[]
<QuerySet [<Categoria: madera>, <Categoria: arena>, <Categoria: marmol>, <Categoria: metal>, <Categoria: artesani>, <Categoria: pintura>]>
[{'participante': 'EL chaqueño', 'votos': 1}]
<QuerySet [<Categoria: madera>, <Categoria: arena>, <Categoria: marmol>, <Categoria: metal>, <Categoria: artesani>, <Categoria: pintura>]>
[{'participante': 'informatorio', 'votos': 1}]
<QuerySet [<Categoria: madera>, <Categoria: arena>, <Categoria: marmol>, <Categoria: metal>, <Categoria: artesani>, <Categoria: pintura>]>
[{'participante': 'Le Correntinos', 'votos': 1}]
<QuerySet [<Categoria: madera>, <Categoria: arena>, <Categoria: marmol>, <Categoria: metal>, <Categoria: artesani>, <Categoria: pintura>]>
[]
<QuerySet [<Categoria: madera>, <Categoria: arena>, <Categoria: marmol>, <Categoria: metal>, <Categoria: artesani>, <Categoria: pintura>]>
[{'participante': 'Los piratas', 'votos': 1}]
<QuerySet [<Categoria: madera>, <Categoria: arena>, <Categoria: marmol>, <Categoria: metal>, <Categoria: artesani>, <Categoria: pintura>]>
[{'participante': 'Le Correntinos', 'votos': 1}, {'participante': 'EL chaqueño', 'votos': 1}, {'participante': 'informatorio', 'votos': 1}, {'participante': 'Los piratas', 'votos': 1}]
<QuerySet [<Categoria: madera>, <Categoria: arena>, <Categoria: marmol>, <Categoria: metal>, <Categoria: artesani>, <Categoria: pintura>]>
